<?xml version="1.0" encoding="UTF-8"?>
<testsuite xmlns:xsi="http://www.w3.org/2001/XMLSchema-instance" xsi:noNamespaceSchemaLocation="https://maven.apache.org/surefire/maven-surefire-plugin/xsd/surefire-test-report.xsd" name="com.nowcoder.mavendemo1.AppTest" time="0.062" tests="1" errors="0" skipped="0" failures="0">
  <properties>
    <property name="sun.desktop" value="windows"/>
    <property name="awt.toolkit" value="sun.awt.windows.WToolkit"/>
    <property name="file.encoding.pkg" value="sun.io"/>
    <property name="java.specification.version" value="1.8"/>
    <property name="sun.cpu.isalist" value="amd64"/>
    <property name="sun.jnu.encoding" value="GBK"/>
    <property name="java.class.path" value="E:\Project\mavendemo1\target\test-classes;E:\Project\mavendemo1\target\classes;F:\java_web\ali_repo\junit\junit\4.11\junit-4.11.jar;F:\java_web\ali_repo\org\hamcrest\hamcrest-core\1.3\hamcrest-core-1.3.jar;"/>
    <property name="java.vm.vendor" value="Oracle Corporation"/>
    <property name="sun.arch.data.model" value="64"/>
    <property name="user.variant" value=""/>
    <property name="java.vendor.url" value="http://java.oracle.com/"/>
    <property name="user.timezone" value="Asia/Shanghai"/>
    <property name="java.vm.specification.version" value="1.8"/>
    <property name="os.name" value="Windows 10"/>
    <property name="user.country" value="CN"/>
    <property name="sun.java.launcher" value="SUN_STANDARD"/>
    <property name="sun.boot.library.path" value="F:\java_web\java\jdk1.8.0_221\jre\bin"/>
    <property name="sun.java.command" value="C:\Users\阳仔\AppData\Local\Temp\surefire3411049647126176341\surefirebooter719897015389357569.jar C:\Users\阳仔\AppData\Local\Temp\surefire3411049647126176341 2023-04-18T16-01-15_771-jvmRun1 surefire2810866825678114921tmp surefire_07133949441003085361tmp"/>
    <property name="surefire.test.class.path" value="E:\Project\mavendemo1\target\test-classes;E:\Project\mavendemo1\target\classes;F:\java_web\ali_repo\junit\junit\4.11\junit-4.11.jar;F:\java_web\ali_repo\org\hamcrest\hamcrest-core\1.3\hamcrest-core-1.3.jar;"/>
    <property name="sun.cpu.endian" value="little"/>
    <property name="user.home" value="C:\Users\阳仔"/>
    <property name="user.language" value="zh"/>
    <property name="java.specification.vendor" value="Oracle Corporation"/>
    <property name="java.home" value="F:\java_web\java\jdk1.8.0_221\jre"/>
    <property name="basedir" value="E:\Project\mavendemo1"/>
    <property name="file.separator" value="\"/>
    <property name="line.separator" value="&#10;"/>
    <property name="java.vm.specification.vendor" value="Oracle Corporation"/>
    <property name="java.specification.name" value="Java Platform API Specification"/>
    <property name="java.awt.graphicsenv" value="sun.awt.Win32GraphicsEnvironment"/>
    <property name="surefire.real.class.path" value="C:\Users\阳仔\AppData\Local\Temp\surefire3411049647126176341\surefirebooter719897015389357569.jar"/>
    <property name="sun.boot.class.path" value="F:\java_web\java\jdk1.8.0_221\jre\lib\resources.jar;F:\java_web\java\jdk1.8.0_221\jre\lib\rt.jar;F:\java_web\java\jdk1.8.0_221\jre\lib\sunrsasign.jar;F:\java_web\java\jdk1.8.0_221\jre\lib\jsse.jar;F:\java_web\java\jdk1.8.0_221\jre\lib\jce.jar;F:\java_web\java\jdk1.8.0_221\jre\lib\charsets.jar;F:\java_web\java\jdk1.8.0_221\jre\lib\jfr.jar;F:\java_web\java\jdk1.8.0_221\jre\classes"/>
    <property name="user.script" value=""/>
    <property name="sun.management.compiler" value="HotSpot 64-Bit Tiered Compilers"/>
    <property name="java.runtime.version" value="1.8.0_221-b11"/>
    <property name="user.name" value="阳仔"/>
    <property name="path.separator" value=";"/>
    <property name="os.version" value="10.0"/>
    <property name="java.endorsed.dirs" value="F:\java_web\java\jdk1.8.0_221\jre\lib\endorsed"/>
    <property name="java.runtime.name" value="Java(TM) SE Runtime Environment"/>
    <property name="file.encoding" value="GBK"/>
    <property name="java.vm.name" value="Java HotSpot(TM) 64-Bit Server VM"/>
    <property name="localRepository" value="F:\java_web\ali_repo"/>
    <property name="java.vendor.url.bug" value="http://bugreport.sun.com/bugreport/"/>
    <property name="java.io.tmpdir" value="C:\Users\阳仔\AppData\Local\Temp\"/>
    <property name="java.version" value="1.8.0_221"/>
    <property name="user.dir" value="E:\Project\mavendemo1"/>
    <property name="os.arch" value="amd64"/>
    <property name="java.vm.specification.name" value="Java Virtual Machine Specification"/>
    <property name="java.awt.printerjob" value="sun.awt.windows.WPrinterJob"/>
    <property name="sun.os.patch.level" value=""/>
    <property name="java.library.path" value="F:\java_web\java\jdk1.8.0_221\jre\bin;C:\WINDOWS\Sun\Java\bin;C:\WINDOWS\system32;C:\WINDOWS;D:\Python;D:\Python\Scripts;C:\Program Files (x86)\Common Files\Oracle\Java\javapath;F:\java_web\VMware\bin\;F:\vmware\hadoop\hadoop-2.7.1\bin;F:\GMS-Feature-Matcher-master\opencv\build\x64\vc14\bin;C:\WINDOWS\system32;C:\WINDOWS;C:\WINDOWS\System32\Wbem;C:\WINDOWS\System32\WindowsPowerShell\v1.0\;C:\WINDOWS\System32\OpenSSH\;F:\developer_tools\drive;F:\java_web\maven3.6\bin;F:\java_web\java\jdk1.8.0_221\bin;E:\Anaconda;E:\Anaconda\Scripts;E:\Anaconda\Library\bin;E:\Anaconda\Library\mingw-w64\bin;F:\developer_tools\Git\Git\cmd;F:\developer_tools\Xshell7\Xshell\;F:\developer_tools\Xshell7\Xftp\;C:\Program Files (x86)\MySQL\MySQL Server 5.5\bin;F:\developer_tools\apache-maven-3.8.8\bin;C:\Users\阳仔\AppData\Local\Microsoft\WindowsApps;C:\Users\阳仔\AppData\Local\GitHubDesktop\bin;F:\developer_tools\IDEA\IntelliJ IDEA Community Edition 2020.2.4\bin;;D:\Python\Scripts;D:\Python;;F:\developer_tools\IDEA\IntelliJ IDEA 2022.2.1\bin;;."/>
    <property name="java.vm.info" value="mixed mode"/>
    <property name="java.vendor" value="Oracle Corporation"/>
    <property name="java.vm.version" value="25.221-b11"/>
    <property name="java.ext.dirs" value="F:\java_web\java\jdk1.8.0_221\jre\lib\ext;C:\WINDOWS\Sun\Java\lib\ext"/>
    <property name="sun.io.unicode.encoding" value="UnicodeLittle"/>
    <property name="java.class.version" value="52.0"/>
  </properties>
  <testcase name="shouldAnswerWithTrue" classname="com.nowcoder.mavendemo1.AppTest" time="0.015"/>
</testsuite>